0 info it worked if it ends with ok
1 verbose cli [ '/usr/bin/node', '/usr/bin/npm', 'install', '-g', 'n' ]
2 info using npm@3.5.2
3 info using node@v8.10.0
4 silly loadCurrentTree Starting
5 silly install loadCurrentTree
6 silly install readGlobalPackageData
7 silly fetchPackageMetaData n
8 silly fetchNamedPackageData n
9 silly mapToRegistry name n
10 silly mapToRegistry using default registry
11 silly mapToRegistry registry https://registry.npmjs.org/
12 silly mapToRegistry uri https://registry.npmjs.org/n
13 verbose request uri https://registry.npmjs.org/n
14 verbose request no auth needed
15 info attempt registry request try #1 at 11:17:15 AM
16 verbose request id 6421816a335245e1
17 verbose etag W/"b61ecb72e1327a0ab2749e9ec1925ea3"
18 verbose lastModified Sat, 16 Jul 2022 04:10:58 GMT
19 http request GET https://registry.npmjs.org/n
20 http 304 https://registry.npmjs.org/n
21 verbose headers { date: 'Wed, 31 Aug 2022 03:17:16 GMT',
21 verbose headers   connection: 'close',
21 verbose headers   'cf-ray': '74329cb85de4a33d-TPE',
21 verbose headers   age: '151',
21 verbose headers   'cache-control': 'public, max-age=300',
21 verbose headers   etag: '"b61ecb72e1327a0ab2749e9ec1925ea3"',
21 verbose headers   'last-modified': 'Sat, 16 Jul 2022 04:10:58 GMT',
21 verbose headers   vary: 'Accept-Encoding',
21 verbose headers   'cf-cache-status': 'HIT',
21 verbose headers   'expect-ct': 'max-age=604800, report-uri="https://report-uri.cloudflare.com/cdn-cgi/beacon/expect-ct"',
21 verbose headers   'x-amz-replication-status': 'COMPLETED',
21 verbose headers   server: 'cloudflare' }
22 silly get cb [ 304,
22 silly get   { date: 'Wed, 31 Aug 2022 03:17:16 GMT',
22 silly get     connection: 'close',
22 silly get     'cf-ray': '74329cb85de4a33d-TPE',
22 silly get     age: '151',
22 silly get     'cache-control': 'public, max-age=300',
22 silly get     etag: '"b61ecb72e1327a0ab2749e9ec1925ea3"',
22 silly get     'last-modified': 'Sat, 16 Jul 2022 04:10:58 GMT',
22 silly get     vary: 'Accept-Encoding',
22 silly get     'cf-cache-status': 'HIT',
22 silly get     'expect-ct': 'max-age=604800, report-uri="https://report-uri.cloudflare.com/cdn-cgi/beacon/expect-ct"',
22 silly get     'x-amz-replication-status': 'COMPLETED',
22 silly get     server: 'cloudflare' } ]
23 verbose etag https://registry.npmjs.org/n from cache
24 verbose get saving n to /home/q/.npm/registry.npmjs.org/n/.cache.json
25 silly install normalizeTree
26 silly loadCurrentTree Finishing
27 silly loadIdealTree Starting
28 silly install loadIdealTree
29 silly cloneCurrentTree Starting
30 silly install cloneCurrentTreeToIdealTree
31 silly cloneCurrentTree Finishing
32 silly loadShrinkwrap Starting
33 silly install loadShrinkwrap
34 silly loadShrinkwrap Finishing
35 silly loadAllDepsIntoIdealTree Starting
36 silly install loadAllDepsIntoIdealTree
37 silly resolveWithNewModule n@9.0.0 checking installable status
38 silly cache add args [ 'n', null ]
39 verbose cache add spec n
40 silly cache add parsed spec Result {
40 silly cache add   raw: 'n',
40 silly cache add   scope: null,
40 silly cache add   name: 'n',
40 silly cache add   rawSpec: '',
40 silly cache add   spec: 'latest',
40 silly cache add   type: 'tag' }
41 silly addNamed n@latest
42 verbose addNamed "latest" is being treated as a dist-tag for n
43 info addNameTag [ 'n', 'latest' ]
44 silly mapToRegistry name n
45 silly mapToRegistry using default registry
46 silly mapToRegistry registry https://registry.npmjs.org/
47 silly mapToRegistry uri https://registry.npmjs.org/n
48 verbose addNameTag registry:https://registry.npmjs.org/n not in flight; fetching
49 verbose get https://registry.npmjs.org/n not expired, no request
50 silly addNameTag next cb for n with tag latest
51 silly addNamed n@9.0.0
52 verbose addNamed "9.0.0" is a plain semver version for n
53 silly cache afterAdd n@9.0.0
54 verbose afterAdd /home/q/.npm/n/9.0.0/package/package.json not in flight; writing
55 verbose afterAdd /home/q/.npm/n/9.0.0/package/package.json written
56 silly loadAllDepsIntoIdealTree Finishing
57 silly idealTree:prePrune lib
57 silly idealTree:prePrune └── n@9.0.0
58 silly loadIdealTree Finishing
59 silly currentTree lib
60 silly idealTree lib
60 silly idealTree └── n@9.0.0
61 silly generateActionsToTake Starting
62 silly install generateActionsToTake
63 warn checkPermissions Missing write access to /usr/local/lib/node_modules
64 silly rollbackFailedOptional Starting
65 silly rollbackFailedOptional Finishing
66 silly runTopLevelLifecycles Starting
67 silly runTopLevelLifecycles Finishing
68 silly install printInstalled
69 verbose stack Error: EACCES: permission denied, access '/usr/local/lib/node_modules'
70 verbose cwd /home/q/running_page
71 error Linux 5.13.0-051300rc5-lowlatency
72 error argv "/usr/bin/node" "/usr/bin/npm" "install" "-g" "n"
73 error node v8.10.0
74 error npm  v3.5.2
75 error path /usr/local/lib/node_modules
76 error code EACCES
77 error errno -13
78 error syscall access
79 error Error: EACCES: permission denied, access '/usr/local/lib/node_modules'
79 error  { Error: EACCES: permission denied, access '/usr/local/lib/node_modules'
79 error   errno: -13,
79 error   code: 'EACCES',
79 error   syscall: 'access',
79 error   path: '/usr/local/lib/node_modules' }
80 error Please try running this command again as root/Administrator.
81 verbose exit [ -13, true ]
